2025-02-03 13:23:18 -  - exec CUpdateClientPartner::SearchModulesEx
2025-02-03 13:23:18 -  - exec CUpdateClientPartner::__CollectRequestData
2025-02-03 13:23:18 -  - utf=Y&lang=ru&stable=Y&CANGZIP=Y&SUPD_DBS=MYSQL&XE=N&CLIENT_SITE=localhost&LICENSE_KEY=X&SUPD_STS=1&SUPD_URS=0&TYPENC=D&CLIENT_PHPVER=8.4.3&NGINX=Y&dbv=10.4.32&instm=main%2C24.0.796%2CY%3Bb24connector%2C24.0.0%2CN%3Bbitrix.sitecorporate%2C24.0.0%2CN%3Bbitrixcloud%2C24.0.0%2CN%3Bblog%2C24.0.0%2CN%3Bclouds%2C24.100.0%2CN%3Bfileman%2C24.100.0%2CN%3Bform%2C24.0.0%2CN%3Bforum%2C24.100.300%2CN%3Bhighloadblock%2C24.0.201%2CN%3Biblock%2C24.0.200%2CN%3Blanding%2C24.400.300%2CN%3Blocation%2C24.100.0%2CN%3Bmessageservice%2C24.500.0%2CN%3Bmobileapp%2C24.0.0%2CN%3Bperfmon%2C24.0.0%2CN%3Bphotogallery%2C24.100.0%2CN%3Brest%2C24.500.0%2CN%3Bsearch%2C24.0.0%2CN%3Bsecurity%2C24.0.0%2CN%3Bseo%2C24.300.0%2CN%3Bsocialservices%2C24.0.200%2CN%3Bsubscribe%2C24.0.0%2CN%3Btranslate%2C24.0.0%2CN%3Bui%2C24.300.0%2CN%3Bvote%2C24.0.0%2CN&search_module_id=&search_module=&search_category=7%2C14&search_type=&search_order=DESC&search_order_by=SORT&search_page=1&SUPD_SRS=RU&SUPD_CMP=N
2025-02-03 13:23:18 -  - exec CUpdateClientPartner::GetHTTPPage
2025-02-03 13:23:19 -  - TIME SearchModulesEx(request) 1.064 sec
2025-02-03 13:23:19 -  - exec CUpdateClientPartner::ParseServerData
2025-02-03 13:24:47 -  - exec CUpdateClientPartner::__CollectRequestData
2025-02-03 13:24:47 -  - exec CUpdateClientPartner::GetHTTPPage
2025-02-03 13:24:47 -  - exec CUpdateClientPartner::ParseServerData
2025-02-03 13:24:47 -  - exec CUpdateClientPartner::GetUpdatesList
2025-02-03 13:24:47 -  - exec CUpdateClientPartner::__CollectRequestData
2025-02-03 13:24:47 -  - utf=Y&lang=ru&stable=Y&CANGZIP=Y&SUPD_DBS=MYSQL&XE=N&CLIENT_SITE=localhost&LICENSE_KEY=X&SUPD_STS=1&SUPD_URS=0&TYPENC=D&CLIENT_PHPVER=8.4.3&NGINX=Y&dbv=10.4.32&instm=main%2C24.0.796%2CY%3Bb24connector%2C24.0.0%2CN%3Bbitrix.sitecorporate%2C24.0.0%2CN%3Bbitrixcloud%2C24.0.0%2CN%3Bblog%2C24.0.0%2CN%3Bclouds%2C24.100.0%2CN%3Bfileman%2C24.100.0%2CN%3Bform%2C24.0.0%2CN%3Bforum%2C24.100.300%2CN%3Bhighloadblock%2C24.0.201%2CN%3Biblock%2C24.0.200%2CN%3Blanding%2C24.400.300%2CN%3Blocation%2C24.100.0%2CN%3Bmessageservice%2C24.500.0%2CN%3Bmobileapp%2C24.0.0%2CN%3Bperfmon%2C24.0.0%2CN%3Bphotogallery%2C24.100.0%2CN%3Brest%2C24.500.0%2CN%3Bsearch%2C24.0.0%2CN%3Bsecurity%2C24.0.0%2CN%3Bseo%2C24.300.0%2CN%3Bsocialservices%2C24.0.200%2CN%3Bsubscribe%2C24.0.0%2CN%3Btranslate%2C24.0.0%2CN%3Bui%2C24.300.0%2CN%3Bvote%2C24.0.0%2CN&reqm=bitrix.sitecorporate&fullmoduleinfo=Y&SUPD_SRS=RU&SUPD_CMP=N
2025-02-03 13:24:47 -  - exec CUpdateClientPartner::GetHTTPPage
2025-02-03 13:24:48 -  - TIME GetUpdatesList(request) 0.258 sec
2025-02-03 13:24:48 -  - exec CUpdateClientPartner::ParseServerData
2025-02-03 13:24:48 -  - exec CUpdateClientPartner::__CollectRequestData
2025-02-03 13:24:48 -  - exec CUpdateClientPartner::GetHTTPPage
2025-02-03 13:24:48 -  - exec CUpdateClientPartner::ParseServerData
2025-02-04 13:55:11 -  - exec CUpdateClientPartner::__CollectRequestData
2025-02-04 13:55:11 -  - exec CUpdateClientPartner::GetHTTPPage
2025-02-04 13:55:11 -  - exec CUpdateClientPartner::ParseServerData
2025-02-04 13:55:11 -  - exec CUpdateClientPartner::GetUpdatesList
2025-02-04 13:55:11 -  - exec CUpdateClientPartner::__CollectRequestData
2025-02-04 13:55:11 -  - utf=Y&lang=ru&stable=Y&CANGZIP=Y&SUPD_DBS=MYSQL&XE=N&CLIENT_SITE=localhost&LICENSE_KEY=X&SUPD_STS=1&SUPD_URS=0&TYPENC=D&CLIENT_PHPVER=8.4.3&NGINX=Y&dbv=10.4.32&instm=main%2C24.0.796%2CY%3Bb24connector%2C24.0.0%2CN%3Bbitrix.sitecorporate%2C24.0.0%2CN%3Bbitrixcloud%2C24.0.0%2CN%3Bblog%2C24.0.0%2CN%3Bclouds%2C24.100.0%2CN%3Bfileman%2C24.100.0%2CN%3Bform%2C24.0.0%2CN%3Bforum%2C24.100.300%2CN%3Bhighloadblock%2C24.0.201%2CN%3Biblock%2C24.0.200%2CN%3Blanding%2C24.400.300%2CN%3Blocation%2C24.100.0%2CN%3Bmessageservice%2C24.500.0%2CN%3Bmobileapp%2C24.0.0%2CN%3Bperfmon%2C24.0.0%2CN%3Bphotogallery%2C24.100.0%2CN%3Brest%2C24.500.0%2CN%3Bsearch%2C24.0.0%2CN%3Bsecurity%2C24.0.0%2CN%3Bseo%2C24.300.0%2CN%3Bsocialservices%2C24.0.200%2CN%3Bsubscribe%2C24.0.0%2CN%3Btranslate%2C24.0.0%2CN%3Bui%2C24.300.0%2CN%3Bvote%2C24.0.0%2CN&reqm=bitrix.sitecorporate&fullmoduleinfo=Y&SUPD_SRS=RU&SUPD_CMP=N
2025-02-04 13:55:11 -  - exec CUpdateClientPartner::GetHTTPPage
2025-02-04 13:55:11 -  - TIME GetUpdatesList(request) 0.21 sec
2025-02-04 13:55:11 -  - exec CUpdateClientPartner::ParseServerData
2025-02-04 13:55:11 -  - exec CUpdateClientPartner::__CollectRequestData
2025-02-04 13:55:11 -  - exec CUpdateClientPartner::GetHTTPPage
2025-02-04 13:55:12 -  - exec CUpdateClientPartner::ParseServerData
2025-02-04 19:52:59 -  - exec CUpdateClientPartner::SearchModulesEx
2025-02-04 19:52:59 -  - exec CUpdateClientPartner::__CollectRequestData
2025-02-04 19:52:59 -  - utf=Y&lang=ru&stable=Y&CANGZIP=Y&SUPD_DBS=MYSQL&XE=N&CLIENT_SITE=localhost&LICENSE_KEY=X&SUPD_STS=2&SUPD_URS=0&TYPENC=D&CLIENT_PHPVER=8.4.3&NGINX=Y&dbv=10.4.32&instm=main%2C24.0.796%2CY%3Bb24connector%2C24.0.0%2CN%3Bbitrix.sitecorporate%2C24.0.0%2CN%3Bbitrixcloud%2C24.0.0%2CN%3Bblog%2C24.0.0%2CN%3Bclouds%2C24.100.0%2CN%3Bfileman%2C24.100.0%2CN%3Bform%2C24.0.0%2CN%3Bforum%2C24.100.300%2CN%3Bhighloadblock%2C24.0.201%2CN%3Biblock%2C24.0.200%2CN%3Blanding%2C24.400.300%2CN%3Blocation%2C24.100.0%2CN%3Bmessageservice%2C24.500.0%2CN%3Bmobileapp%2C24.0.0%2CN%3Bperfmon%2C24.0.0%2CN%3Bphotogallery%2C24.100.0%2CN%3Brest%2C24.500.0%2CN%3Bsearch%2C24.0.0%2CN%3Bsecurity%2C24.0.0%2CN%3Bseo%2C24.300.0%2CN%3Bsocialservices%2C24.0.200%2CN%3Bsubscribe%2C24.0.0%2CN%3Btranslate%2C24.0.0%2CN%3Bui%2C24.300.0%2CN%3Bvote%2C24.0.0%2CN&search_module_id=&search_module=&search_category=7%2C14&search_type=&search_order=DESC&search_order_by=SORT&search_page=1&SUPD_SRS=RU&SUPD_CMP=N
2025-02-04 19:52:59 -  - exec CUpdateClientPartner::GetHTTPPage
2025-02-04 19:52:59 -  - TIME SearchModulesEx(request) 0.67 sec
2025-02-04 19:52:59 -  - exec CUpdateClientPartner::ParseServerData
2025-02-04 19:55:35 -  - exec CUpdateClientPartner::SearchModulesEx
2025-02-04 19:55:35 -  - exec CUpdateClientPartner::__CollectRequestData
2025-02-04 19:55:35 -  - utf=Y&lang=ru&stable=Y&CANGZIP=Y&SUPD_DBS=MYSQL&XE=N&CLIENT_SITE=localhost&LICENSE_KEY=X&SUPD_STS=2&SUPD_URS=0&TYPENC=D&CLIENT_PHPVER=8.4.3&NGINX=Y&dbv=10.4.32&instm=main%2C24.0.796%2CY%3Bb24connector%2C24.0.0%2CN%3Bbitrix.sitecorporate%2C24.0.0%2CN%3Bbitrixcloud%2C24.0.0%2CN%3Bblog%2C24.0.0%2CN%3Bclouds%2C24.100.0%2CN%3Bfileman%2C24.100.0%2CN%3Bform%2C24.0.0%2CN%3Bforum%2C24.100.300%2CN%3Bhighloadblock%2C24.0.201%2CN%3Biblock%2C24.0.200%2CN%3Blanding%2C24.400.300%2CN%3Blocation%2C24.100.0%2CN%3Bmessageservice%2C24.500.0%2CN%3Bmobileapp%2C24.0.0%2CN%3Bperfmon%2C24.0.0%2CN%3Bphotogallery%2C24.100.0%2CN%3Brest%2C24.500.0%2CN%3Bsearch%2C24.0.0%2CN%3Bsecurity%2C24.0.0%2CN%3Bseo%2C24.300.0%2CN%3Bsocialservices%2C24.0.200%2CN%3Bsubscribe%2C24.0.0%2CN%3Btranslate%2C24.0.0%2CN%3Bui%2C24.300.0%2CN%3Bvote%2C24.0.0%2CN&search_module_id=&search_module=&search_category=7%2C14&search_type=&search_order=DESC&search_order_by=SORT&search_page=1&SUPD_SRS=RU&SUPD_CMP=N
2025-02-04 19:55:35 -  - exec CUpdateClientPartner::GetHTTPPage
2025-02-04 19:55:36 -  - TIME SearchModulesEx(request) 0.777 sec
2025-02-04 19:55:36 -  - exec CUpdateClientPartner::ParseServerData
2025-02-04 19:55:47 -  - exec CUpdateClientPartner::LoadModulesUpdates
2025-02-04 19:55:47 -  - exec CUpdateClientPartner::__CollectRequestData
2025-02-04 19:55:47 -  - utf=Y&lang=ru&stable=Y&CANGZIP=Y&SUPD_DBS=MYSQL&XE=N&CLIENT_SITE=localhost&LICENSE_KEY=X&SUPD_STS=2&SUPD_URS=0&TYPENC=D&CLIENT_PHPVER=8.4.3&NGINX=Y&dbv=10.4.32&instm=main%2C24.0.796%2CY%3Bb24connector%2C24.0.0%2CN%3Bbitrix.sitecorporate%2C24.0.0%2CN%3Bbitrixcloud%2C24.0.0%2CN%3Bblog%2C24.0.0%2CN%3Bclouds%2C24.100.0%2CN%3Bfileman%2C24.100.0%2CN%3Bform%2C24.0.0%2CN%3Bforum%2C24.100.300%2CN%3Bhighloadblock%2C24.0.201%2CN%3Biblock%2C24.0.200%2CN%3Blanding%2C24.400.300%2CN%3Blocation%2C24.100.0%2CN%3Bmessageservice%2C24.500.0%2CN%3Bmobileapp%2C24.0.0%2CN%3Bperfmon%2C24.0.0%2CN%3Bphotogallery%2C24.100.0%2CN%3Brest%2C24.500.0%2CN%3Bsearch%2C24.0.0%2CN%3Bsecurity%2C24.0.0%2CN%3Bseo%2C24.300.0%2CN%3Bsocialservices%2C24.0.200%2CN%3Bsubscribe%2C24.0.0%2CN%3Btranslate%2C24.0.0%2CN%3Bui%2C24.300.0%2CN%3Bvote%2C24.0.0%2CN&reqm=nsandrey.emptyinstall&lim=Y&SUPD_SRS=RU&SUPD_CMP=N
2025-02-04 19:55:47 -  - exec CUpdateClientPartner::GetHTTPPage
2025-02-04 19:55:47 -  - TIME LoadModulesUpdates(request) 0.164 sec
2025-02-04 19:55:47 -  - exec CUpdateClientPartner::ParseServerData
2025-02-04 19:55:47 - S - STEP
2025-02-04 19:55:47 - LM4W01 - loadModule4Wizard-Step
2025-02-04 19:55:48 -  - exec CUpdateClientPartner::LoadModulesUpdates
2025-02-04 19:55:48 -  - exec CUpdateClientPartner::ParseServerData
2025-02-04 19:55:48 -  - loadFile
2025-02-04 19:55:48 - U - RETURN
2025-02-04 19:55:48 -  - exec CUpdateClientPartner::UnGzipArchive
2025-02-04 19:55:48 -  - TIME UnGzipArchive 0.539 sec
2025-02-04 19:55:48 -  - TIME UpdateStepModules 0.176 sec
2025-02-04 19:55:49 -  - exec CUpdateClientPartner::LoadModulesUpdates
2025-02-04 19:55:49 -  - exec CUpdateClientPartner::__CollectRequestData
2025-02-04 19:55:49 -  - utf=Y&lang=ru&stable=Y&CANGZIP=Y&SUPD_DBS=MYSQL&XE=N&CLIENT_SITE=localhost&LICENSE_KEY=X&SUPD_STS=2&SUPD_URS=0&TYPENC=D&CLIENT_PHPVER=8.4.3&NGINX=Y&dbv=10.4.32&instm=main%2C24.0.796%2CY%3Bb24connector%2C24.0.0%2CN%3Bbitrix.sitecorporate%2C24.0.0%2CN%3Bbitrixcloud%2C24.0.0%2CN%3Bblog%2C24.0.0%2CN%3Bclouds%2C24.100.0%2CN%3Bfileman%2C24.100.0%2CN%3Bform%2C24.0.0%2CN%3Bforum%2C24.100.300%2CN%3Bhighloadblock%2C24.0.201%2CN%3Biblock%2C24.0.200%2CN%3Blanding%2C24.400.300%2CN%3Blocation%2C24.100.0%2CN%3Bmessageservice%2C24.500.0%2CN%3Bmobileapp%2C24.0.0%2CN%3Bnsandrey.emptyinstall%2C1.0.5%2CN%3Bperfmon%2C24.0.0%2CN%3Bphotogallery%2C24.100.0%2CN%3Brest%2C24.500.0%2CN%3Bsearch%2C24.0.0%2CN%3Bsecurity%2C24.0.0%2CN%3Bseo%2C24.300.0%2CN%3Bsocialservices%2C24.0.200%2CN%3Bsubscribe%2C24.0.0%2CN%3Btranslate%2C24.0.0%2CN%3Bui%2C24.300.0%2CN%3Bvote%2C24.0.0%2CN&reqm=nsandrey.emptyinstall&lim=Y&SUPD_SRS=RU&SUPD_CMP=N
2025-02-04 19:55:49 -  - exec CUpdateClientPartner::GetHTTPPage
2025-02-04 19:55:49 -  - TIME LoadModulesUpdates(request) 0.169 sec
2025-02-04 19:55:49 -  - exec CUpdateClientPartner::ParseServerData
2025-02-04 19:55:49 - STEP - Finish - NOUPDATES
2025-02-04 19:55:49 - LM4W03 - Finish - NOUPDATES
2025-02-04 20:00:04 -  - exec CUpdateClientPartner::SearchModulesEx
2025-02-04 20:00:04 -  - exec CUpdateClientPartner::__CollectRequestData
2025-02-04 20:00:04 -  - utf=Y&lang=ru&stable=Y&CANGZIP=Y&SUPD_DBS=MYSQL&XE=N&CLIENT_SITE=localhost&LICENSE_KEY=X&SUPD_STS=2&SUPD_URS=0&TYPENC=D&CLIENT_PHPVER=8.4.3&NGINX=Y&dbv=10.4.32&instm=main%2C24.0.796%2CY%3Bb24connector%2C24.0.0%2CN%3Bbitrix.sitecorporate%2C24.0.0%2CN%3Bbitrixcloud%2C24.0.0%2CN%3Bblog%2C24.0.0%2CN%3Bclouds%2C24.100.0%2CN%3Bfileman%2C24.100.0%2CN%3Bform%2C24.0.0%2CN%3Bforum%2C24.100.300%2CN%3Bhighloadblock%2C24.0.201%2CN%3Biblock%2C24.0.200%2CN%3Blanding%2C24.400.300%2CN%3Blocation%2C24.100.0%2CN%3Bmessageservice%2C24.500.0%2CN%3Bmobileapp%2C24.0.0%2CN%3Bnsandrey.emptyinstall%2C1.0.5%2CN%3Bperfmon%2C24.0.0%2CN%3Bphotogallery%2C24.100.0%2CN%3Brest%2C24.500.0%2CN%3Bsearch%2C24.0.0%2CN%3Bsecurity%2C24.0.0%2CN%3Bseo%2C24.300.0%2CN%3Bsocialservices%2C24.0.200%2CN%3Bsubscribe%2C24.0.0%2CN%3Btranslate%2C24.0.0%2CN%3Bui%2C24.300.0%2CN%3Bvote%2C24.0.0%2CN&search_module_id=&search_module=&search_category=7%2C14&search_type=&search_order=DESC&search_order_by=SORT&search_page=1&SUPD_SRS=RU&SUPD_CMP=N
2025-02-04 20:00:04 -  - exec CUpdateClientPartner::GetHTTPPage
2025-02-04 20:00:05 -  - TIME SearchModulesEx(request) 0.53 sec
2025-02-04 20:00:05 -  - exec CUpdateClientPartner::ParseServerData
2025-02-05 13:57:41 -  - exec CUpdateClientPartner::__CollectRequestData
2025-02-05 13:57:41 -  - exec CUpdateClientPartner::GetHTTPPage
2025-02-05 13:57:41 -  - exec CUpdateClientPartner::ParseServerData
2025-02-05 13:57:41 -  - exec CUpdateClientPartner::GetUpdatesList
2025-02-05 13:57:41 -  - exec CUpdateClientPartner::__CollectRequestData
2025-02-05 13:57:41 -  - utf=Y&lang=ru&stable=Y&CANGZIP=Y&SUPD_DBS=MYSQL&XE=N&CLIENT_SITE=localhost&LICENSE_KEY=X&SUPD_STS=1&SUPD_URS=0&TYPENC=D&CLIENT_PHPVER=8.4.3&NGINX=Y&dbv=10.4.32&instm=main%2C24.0.796%2CY%3Bb24connector%2C24.0.0%2CN%3Bbitrix.sitecorporate%2C24.0.0%2CN%3Bbitrixcloud%2C24.0.0%2CN%3Bblog%2C24.0.0%2CN%3Bclouds%2C24.100.0%2CN%3Bfileman%2C24.100.0%2CN%3Bform%2C24.0.0%2CN%3Bforum%2C24.100.300%2CN%3Bhighloadblock%2C24.0.201%2CN%3Biblock%2C24.0.200%2CN%3Blanding%2C24.400.300%2CN%3Blocation%2C24.100.0%2CN%3Bmessageservice%2C24.500.0%2CN%3Bmobileapp%2C24.0.0%2CN%3Bnsandrey.emptyinstall%2C1.0.5%2CN%3Bperfmon%2C24.0.0%2CN%3Bphotogallery%2C24.100.0%2CN%3Brest%2C24.500.0%2CN%3Bsearch%2C24.0.0%2CN%3Bsecurity%2C24.0.0%2CN%3Bseo%2C24.300.0%2CN%3Bsocialservices%2C24.0.200%2CN%3Bsubscribe%2C24.0.0%2CN%3Btranslate%2C24.0.0%2CN%3Bui%2C24.300.0%2CN%3Bvote%2C24.0.0%2CN&reqm=bitrix.sitecorporate%2Cnsandrey.emptyinstall&fullmoduleinfo=Y&SUPD_SRS=RU&SUPD_CMP=N
2025-02-05 13:57:41 -  - exec CUpdateClientPartner::GetHTTPPage
2025-02-05 13:57:41 -  - TIME GetUpdatesList(request) 0.128 sec
2025-02-05 13:57:41 -  - exec CUpdateClientPartner::ParseServerData
2025-02-05 13:57:41 -  - exec CUpdateClientPartner::__CollectRequestData
2025-02-05 13:57:41 -  - exec CUpdateClientPartner::GetHTTPPage
2025-02-05 13:57:41 -  - exec CUpdateClientPartner::ParseServerData
2025-02-07 14:20:58 -  - exec CUpdateClientPartner::__CollectRequestData
2025-02-07 14:20:58 -  - exec CUpdateClientPartner::GetHTTPPage
2025-02-07 14:20:59 -  - exec CUpdateClientPartner::ParseServerData
2025-02-07 14:20:59 -  - exec CUpdateClientPartner::GetUpdatesList
2025-02-07 14:20:59 -  - exec CUpdateClientPartner::__CollectRequestData
2025-02-07 14:20:59 -  - utf=Y&lang=ru&stable=Y&CANGZIP=Y&SUPD_DBS=MYSQL&XE=N&CLIENT_SITE=localhost&LICENSE_KEY=X&SUPD_STS=1&SUPD_URS=0&TYPENC=D&CLIENT_PHPVER=8.4.3&NGINX=Y&dbv=10.4.32&instm=main%2C24.0.796%2CY%3Bb24connector%2C24.0.0%2CN%3Bbitrix.sitecorporate%2C24.0.0%2CN%3Bbitrixcloud%2C24.0.0%2CN%3Bblog%2C24.0.0%2CN%3Bclouds%2C24.100.0%2CN%3Bfileman%2C24.100.0%2CN%3Bform%2C24.0.0%2CN%3Bforum%2C24.100.300%2CN%3Bhighloadblock%2C24.0.201%2CN%3Biblock%2C24.0.200%2CN%3Blanding%2C24.400.300%2CN%3Blocation%2C24.100.0%2CN%3Bmessageservice%2C24.500.0%2CN%3Bmobileapp%2C24.0.0%2CN%3Bnsandrey.emptyinstall%2C1.0.5%2CN%3Bperfmon%2C24.0.0%2CN%3Bphotogallery%2C24.100.0%2CN%3Brest%2C24.500.0%2CN%3Bsearch%2C24.0.0%2CN%3Bsecurity%2C24.0.0%2CN%3Bseo%2C24.300.0%2CN%3Bsocialservices%2C24.0.200%2CN%3Bsubscribe%2C24.0.0%2CN%3Btranslate%2C24.0.0%2CN%3Bui%2C24.300.0%2CN%3Bvote%2C24.0.0%2CN&reqm=bitrix.sitecorporate%2Cnsandrey.emptyinstall&fullmoduleinfo=Y&SUPD_SRS=RU&SUPD_CMP=N
2025-02-07 14:20:59 -  - exec CUpdateClientPartner::GetHTTPPage
2025-02-07 14:20:59 -  - TIME GetUpdatesList(request) 0.169 sec
2025-02-07 14:20:59 -  - exec CUpdateClientPartner::ParseServerData
2025-02-07 14:20:59 -  - exec CUpdateClientPartner::__CollectRequestData
2025-02-07 14:20:59 -  - exec CUpdateClientPartner::GetHTTPPage
2025-02-07 14:20:59 -  - exec CUpdateClientPartner::ParseServerData
2025-02-10 18:03:04 -  - exec CUpdateClientPartner::__CollectRequestData
2025-02-10 18:03:04 -  - exec CUpdateClientPartner::GetHTTPPage
2025-02-10 18:03:05 -  - exec CUpdateClientPartner::ParseServerData
2025-02-10 18:03:05 -  - exec CUpdateClientPartner::GetUpdatesList
2025-02-10 18:03:05 -  - exec CUpdateClientPartner::__CollectRequestData
2025-02-10 18:03:05 -  - utf=Y&lang=ru&stable=Y&CANGZIP=Y&SUPD_DBS=MYSQL&XE=N&CLIENT_SITE=localhost&LICENSE_KEY=X&SUPD_STS=1&SUPD_URS=0&TYPENC=D&CLIENT_PHPVER=8.4.3&NGINX=Y&dbv=10.4.32&instm=main%2C24.0.796%2CY%3Bb24connector%2C24.0.0%2CN%3Bbitrix.sitecorporate%2C24.0.0%2CN%3Bbitrixcloud%2C24.0.0%2CN%3Bblog%2C24.0.0%2CN%3Bclouds%2C24.100.0%2CN%3Bfileman%2C24.100.0%2CN%3Bform%2C24.0.0%2CN%3Bforum%2C24.100.300%2CN%3Bhighloadblock%2C24.0.201%2CN%3Biblock%2C24.0.200%2CN%3Blanding%2C24.400.300%2CN%3Blocation%2C24.100.0%2CN%3Bmessageservice%2C24.500.0%2CN%3Bmobileapp%2C24.0.0%2CN%3Bnsandrey.emptyinstall%2C1.0.5%2CN%3Bperfmon%2C24.0.0%2CN%3Bphotogallery%2C24.100.0%2CN%3Brest%2C24.500.0%2CN%3Bsearch%2C24.0.0%2CN%3Bsecurity%2C24.0.0%2CN%3Bseo%2C24.300.0%2CN%3Bsocialservices%2C24.0.200%2CN%3Bsubscribe%2C24.0.0%2CN%3Btranslate%2C24.0.0%2CN%3Bui%2C24.300.0%2CN%3Bvote%2C24.0.0%2CN&reqm=bitrix.sitecorporate%2Cnsandrey.emptyinstall&fullmoduleinfo=Y&SUPD_SRS=RU&SUPD_CMP=N
2025-02-10 18:03:05 -  - exec CUpdateClientPartner::GetHTTPPage
2025-02-10 18:03:05 -  - TIME GetUpdatesList(request) 0.228 sec
2025-02-10 18:03:05 -  - exec CUpdateClientPartner::ParseServerData
2025-02-10 18:03:05 -  - exec CUpdateClientPartner::__CollectRequestData
2025-02-10 18:03:05 -  - exec CUpdateClientPartner::GetHTTPPage
2025-02-10 18:03:05 -  - exec CUpdateClientPartner::ParseServerData
